c:\users\arialblak\desktop\proyectos 2\proyectos2-2020-21\paintlless\x64\debug\vc142.pdb
c:\users\arialblak\desktop\proyectos 2\proyectos2-2020-21\paintlless\x64\debug\vc142.idb
c:\users\arialblak\desktop\proyectos 2\proyectos2-2020-21\paintlless\x64\debug\main.obj
c:\users\arialblak\desktop\proyectos 2\proyectos2-2020-21\paintlless\x64\debug\vector2d.obj
c:\users\arialblak\desktop\proyectos 2\proyectos2-2020-21\paintlless\x64\debug\collisions.obj
c:\users\arialblak\desktop\proyectos 2\proyectos2-2020-21\paintlless\x64\debug\texture.obj
c:\users\arialblak\desktop\proyectos 2\proyectos2-2020-21\paintlless\x64\debug\soundeffect.obj
c:\users\arialblak\desktop\proyectos 2\proyectos2-2020-21\paintlless\x64\debug\sdlutils_demo.obj
c:\users\arialblak\desktop\proyectos 2\proyectos2-2020-21\paintlless\x64\debug\sdlutils.obj
c:\users\arialblak\desktop\proyectos 2\proyectos2-2020-21\paintlless\x64\debug\randomnumbergenerator.obj
c:\users\arialblak\desktop\proyectos 2\proyectos2-2020-21\paintlless\x64\debug\json_demo.obj
c:\users\arialblak\desktop\proyectos 2\proyectos2-2020-21\paintlless\x64\debug\jsonvalue.obj
c:\users\arialblak\desktop\proyectos 2\proyectos2-2020-21\paintlless\x64\debug\json.obj
c:\users\arialblak\desktop\proyectos 2\proyectos2-2020-21\paintlless\x64\debug\game.obj
c:\users\arialblak\desktop\proyectos 2\proyectos2-2020-21\paintlless\x64\debug\gamemap.obj
c:\users\arialblak\desktop\proyectos 2\proyectos2-2020-21\paintlless\x64\debug\manager.obj
c:\users\arialblak\desktop\proyectos 2\proyectos2-2020-21\paintlless\x64\debug\entity.obj
c:\users\arialblak\desktop\proyectos 2\proyectos2-2020-21\paintlless\x64\debug\paintlless.exe
c:\users\arialblak\desktop\proyectos 2\proyectos2-2020-21\paintlless\x64\debug\paintlless.ilk
c:\users\arialblak\desktop\proyectos 2\proyectos2-2020-21\paintlless\x64\debug\paintlless.pdb
c:\users\arialblak\desktop\proyectos 2\proyectos2-2020-21\paintlless\x64\debug\paintlless.lib
c:\users\arialblak\desktop\proyectos 2\proyectos2-2020-21\paintlless\x64\debug\paintlless.exp
c:\users\arialblak\desktop\proyectos 2\proyectos2-2020-21\paintlless\x64\debug\paintlless.tlog\cl.command.1.tlog
c:\users\arialblak\desktop\proyectos 2\proyectos2-2020-21\paintlless\x64\debug\paintlless.tlog\cl.read.1.tlog
c:\users\arialblak\desktop\proyectos 2\proyectos2-2020-21\paintlless\x64\debug\paintlless.tlog\cl.write.1.tlog
c:\users\arialblak\desktop\proyectos 2\proyectos2-2020-21\paintlless\x64\debug\paintlless.tlog\link.12996.delete.1.tlog
c:\users\arialblak\desktop\proyectos 2\proyectos2-2020-21\paintlless\x64\debug\paintlless.tlog\link.command.1.tlog
c:\users\arialblak\desktop\proyectos 2\proyectos2-2020-21\paintlless\x64\debug\paintlless.tlog\link.read.1.tlog
c:\users\arialblak\desktop\proyectos 2\proyectos2-2020-21\paintlless\x64\debug\paintlless.tlog\link.write.1.tlog
c:\users\arialblak\desktop\proyectos 2\proyectos2-2020-21\paintlless\x64\debug\paintlless.tlog\paintlless.write.1u.tlog
